Determining if the pthread_create exist failed with the following output:
Change Dir: /home/luciferthefirstt/LuciferTheFirstt/workspace/workspace/projects/AL/lab06/lab06/CMakeFiles/CMakeTmp

Run Build Command:"/usr/bin/make" "cmTC_b6c44/fast"
make[1]: Entering directory '/home/luciferthefirstt/LuciferTheFirstt/workspace/workspace/projects/AL/lab06/lab06/CMakeFiles/CMakeTmp'
/usr/bin/make -f CMakeFiles/cmTC_b6c44.dir/build.make CMakeFiles/cmTC_b6c44.dir/build
make[2]: Entering directory '/home/luciferthefirstt/LuciferTheFirstt/workspace/workspace/projects/AL/lab06/lab06/CMakeFiles/CMakeTmp'
Building C object CMakeFiles/cmTC_b6c44.dir/CheckSymbolExists.c.o
/usr/bin/cc    -o CMakeFiles/cmTC_b6c44.dir/CheckSymbolExists.c.o   -c /home/luciferthefirstt/LuciferTheFirstt/workspace/workspace/projects/AL/lab06/lab06/CMakeFiles/CMakeTmp/CheckSymbolExists.c
Linking C executable cmTC_b6c44
/usr/bin/cmake -E cmake_link_script CMakeFiles/cmTC_b6c44.dir/link.txt --verbose=1
/usr/bin/cc      CMakeFiles/cmTC_b6c44.dir/CheckSymbolExists.c.o  -o cmTC_b6c44 
CMakeFiles/cmTC_b6c44.dir/CheckSymbolExists.c.o: In function `main':
CheckSymbolExists.c:(.text+0x1b): undefined reference to `pthread_create'
collect2: error: ld returned 1 exit status
CMakeFiles/cmTC_b6c44.dir/build.make:97: recipe for target 'cmTC_b6c44' failed
make[2]: *** [cmTC_b6c44] Error 1
make[2]: Leaving directory '/home/luciferthefirstt/LuciferTheFirstt/workspace/workspace/projects/AL/lab06/lab06/CMakeFiles/CMakeTmp'
Makefile:126: recipe for target 'cmTC_b6c44/fast' failed
make[1]: *** [cmTC_b6c44/fast] Error 2
make[1]: Leaving directory '/home/luciferthefirstt/LuciferTheFirstt/workspace/workspace/projects/AL/lab06/lab06/CMakeFiles/CMakeTmp'

File /home/luciferthefirstt/LuciferTheFirstt/workspace/workspace/projects/AL/lab06/lab06/CMakeFiles/CMakeTmp/CheckSymbolExists.c:
/* */
#include <pthread.h>

int main(int argc, char** argv)
{
  (void)argv;
#ifndef pthread_create
  return ((int*)(&pthread_create))[argc];
#else
  (void)argc;
  return 0;
#endif
}

Determining if the function pthread_create exists in the pthreads failed with the following output:
Change Dir: /home/luciferthefirstt/LuciferTheFirstt/workspace/workspace/projects/AL/lab06/lab06/CMakeFiles/CMakeTmp

Run Build Command:"/usr/bin/make" "cmTC_2c560/fast"
make[1]: Entering directory '/home/luciferthefirstt/LuciferTheFirstt/workspace/workspace/projects/AL/lab06/lab06/CMakeFiles/CMakeTmp'
/usr/bin/make -f CMakeFiles/cmTC_2c560.dir/build.make CMakeFiles/cmTC_2c560.dir/build
make[2]: Entering directory '/home/luciferthefirstt/LuciferTheFirstt/workspace/workspace/projects/AL/lab06/lab06/CMakeFiles/CMakeTmp'
Building C object CMakeFiles/cmTC_2c560.dir/CheckFunctionExists.c.o
/usr/bin/cc   -DCHECK_FUNCTION_EXISTS=pthread_create   -o CMakeFiles/cmTC_2c560.dir/CheckFunctionExists.c.o   -c /usr/share/cmake-3.10/Modules/CheckFunctionExists.c
Linking C executable cmTC_2c560
/usr/bin/cmake -E cmake_link_script CMakeFiles/cmTC_2c560.dir/link.txt --verbose=1
/usr/bin/cc  -DCHECK_FUNCTION_EXISTS=pthread_create    CMakeFiles/cmTC_2c560.dir/CheckFunctionExists.c.o  -o cmTC_2c560 -lpthreads 
/usr/bin/ld: cannot find -lpthreads
collect2: error: ld returned 1 exit status
CMakeFiles/cmTC_2c560.dir/build.make:97: recipe for target 'cmTC_2c560' failed
make[2]: *** [cmTC_2c560] Error 1
make[2]: Leaving directory '/home/luciferthefirstt/LuciferTheFirstt/workspace/workspace/projects/AL/lab06/lab06/CMakeFiles/CMakeTmp'
Makefile:126: recipe for target 'cmTC_2c560/fast' failed
make[1]: *** [cmTC_2c560/fast] Error 2
make[1]: Leaving directory '/home/luciferthefirstt/LuciferTheFirstt/workspace/workspace/projects/AL/lab06/lab06/CMakeFiles/CMakeTmp'


